# project lilv (0.16.0) configured on Sun Mar  2 11:50:09 2014 by
# waf 1.7.9 (abi 98, python 20703f0 on linux2)
# using waf --prefix=. --include=. --no-utils --static --no-shared configure
#
----------------------------------------
Setting top to
/home/justin/audacity-read-only/lib-src/lv2/lilv
----------------------------------------
Setting out to
/home/justin/audacity-read-only/lib-src/lv2/lilv/build
----------------------------------------
Checking for 'gcc' (c compiler)
find program=['gcc', 'cc'] paths=['/usr/lib/lightdm/lightdm', '/usr/local/sbin', '/usr/local/bin', '/usr/sbin', '/usr/bin', '/sbin', '/bin', '/usr/games'] var='CC' -> '/usr/bin/gcc'
find program=['ar'] paths=['/usr/lib/lightdm/lightdm', '/usr/local/sbin', '/usr/local/bin', '/usr/sbin', '/usr/bin', '/sbin', '/bin', '/usr/games'] var='AR' -> '/usr/bin/ar'
/usr/bin/gcc
----------------------------------------
Checking for program pkg-config
/usr/bin/pkg-config
find program=['pkg-config'] paths=['/usr/lib/lightdm/lightdm', '/usr/local/sbin', '/usr/local/bin', '/usr/sbin', '/usr/bin', '/sbin', '/bin', '/usr/games'] var='PKGCONFIG' -> '/usr/bin/pkg-config'
----------------------------------------
Checking for 'lv2' >= 1.0.0
['/usr/bin/pkg-config', '--atleast-version=1.0.0', 'lv2']
['/usr/bin/pkg-config', '--cflags', '--libs', 'lv2']
out: -I./lv2  -L/home/justin/audacity-read-only/lib-src/lv2/lv2/lib -llv2 -ldl  

yes
----------------------------------------
Checking for 'serd-0' >= 0.14.0
['/usr/bin/pkg-config', '--atleast-version=0.14.0', 'serd-0']
['/usr/bin/pkg-config', '--cflags', '--libs', 'serd-0']
out: -I./serd-0  -L/home/justin/audacity-read-only/lib-src/lv2/serd/lib -lserd-0 -ldl  

yes
----------------------------------------
Checking for 'sord-0' >= 0.12.0
['/usr/bin/pkg-config', '--atleast-version=0.12.0', 'sord-0']
['/usr/bin/pkg-config', '--cflags', '--libs', 'sord-0']
out: -I./sord-0  -L/home/justin/audacity-read-only/lib-src/lv2/sord/lib -lsord-0 -ldl  

yes
----------------------------------------
Checking for 'sratom-0' >= 0.4.0
['/usr/bin/pkg-config', '--atleast-version=0.4.0', 'sratom-0']
['/usr/bin/pkg-config', '--cflags', '--libs', 'sratom-0']
out: -I./sratom-0  -L/home/justin/audacity-read-only/lib-src/lv2/sratom/lib -lsratom-0 -ldl  

yes
----------------------------------------
Checking for function flock
==>
#include <sys/file.h>

int main(int argc, char **argv) {
	void *p;
	(void)argc; (void)argv;
	p=(void*)(flock);
	return 0;
}

<==
[1/2] [32mc: build/.conf_check_ee9bfc1a2af8f53774a97bdffb390980/test.c -> build/.conf_check_ee9bfc1a2af8f53774a97bdffb390980/testbuild/test.c.1.o
[0m
['/usr/bin/gcc', '-I/home/justin/audacity-read-only/lib-src/lv2/lilv', '-I/home/justin/audacity-read-only/lib-src/lv2/sratom', '-I/home/justin/audacity-read-only/lib-src/lv2/sord', '-I/home/justin/audacity-read-only/lib-src/lv2/serd', '-I/home/justin/audacity-read-only/lib-src/lv2/lv2', '-DNDEBUG', '-fshow-column', '-std=c99', '-I/home/justin/audacity-read-only/lib-src/lv2/lilv/build/.conf_check_ee9bfc1a2af8f53774a97bdffb390980/testbuild', '-DHAVE_LV2=1', '-DHAVE_SERD=1', '-DHAVE_SORD=1', '-DHAVE_SRATOM=1', '-DLILV_NEW_LV2=1', '-D_POSIX_C_SOURCE', '-D_BSD_SOURCE', '../test.c', '-c', '-o', 'test.c.1.o']
[2/2] [33mcprogram: build/.conf_check_ee9bfc1a2af8f53774a97bdffb390980/testbuild/test.c.1.o -> build/.conf_check_ee9bfc1a2af8f53774a97bdffb390980/testbuild/testprog
[0m
['/usr/bin/gcc', '-L/home/justin/audacity-read-only/lib-src/lv2/sratom', '-lsratom--0', '-L/home/justin/audacity-read-only/lib-src/lv2/sord', '-lsord--0', '-L/home/justin/audacity-read-only/lib-src/lv2/serd', '-lserd--0', '-L/home/justin/audacity-read-only/lib-src/lv2/lv2', '-llv2-', 'test.c.1.o', '-o', '/home/justin/audacity-read-only/lib-src/lv2/lilv/build/.conf_check_ee9bfc1a2af8f53774a97bdffb390980/testbuild/testprog', '-Wl,-Bstatic', '-Wl,-Bdynamic']
err: /usr/bin/ld: cannot find -lsratom--0
/usr/bin/ld: cannot find -lsord--0
/usr/bin/ld: cannot find -lserd--0
/usr/bin/ld: cannot find -llv2-
collect2: ld returned 1 exit status

from /home/justin/audacity-read-only/lib-src/lv2/lilv: Test does not build: Traceback (most recent call last):
  File "/home/justin/audacity-read-only/lib-src/lv2/lilv/waflib/Tools/c_config.py", line 459, in run_c_code
    bld.compile()
  File "/home/justin/audacity-read-only/lib-src/lv2/lilv/waflib/Build.py", line 198, in compile
    raise Errors.BuildError(self.producer.error)
BuildError: Build failed
 -> task in 'testprog' failed (exit status 1): 
	{task 172726444: cprogram test.c.1.o -> testprog}
['/usr/bin/gcc', '-L/home/justin/audacity-read-only/lib-src/lv2/sratom', '-lsratom--0', '-L/home/justin/audacity-read-only/lib-src/lv2/sord', '-lsord--0', '-L/home/justin/audacity-read-only/lib-src/lv2/serd', '-lserd--0', '-L/home/justin/audacity-read-only/lib-src/lv2/lv2', '-llv2-', 'test.c.1.o', '-o', '/home/justin/audacity-read-only/lib-src/lv2/lilv/build/.conf_check_ee9bfc1a2af8f53774a97bdffb390980/testbuild/testprog', '-Wl,-Bstatic', '-Wl,-Bdynamic']

not found
from /home/justin/audacity-read-only/lib-src/lv2/lilv: The configuration failed
----------------------------------------
Checking for function fileno
==>
#include <stdio.h>

int main(int argc, char **argv) {
	void *p;
	(void)argc; (void)argv;
	p=(void*)(fileno);
	return 0;
}

<==
[1/2] [32mc: build/.conf_check_77264577865b85903f850f3623f4271d/test.c -> build/.conf_check_77264577865b85903f850f3623f4271d/testbuild/test.c.1.o
[0m
['/usr/bin/gcc', '-I/home/justin/audacity-read-only/lib-src/lv2/lilv', '-I/home/justin/audacity-read-only/lib-src/lv2/sratom', '-I/home/justin/audacity-read-only/lib-src/lv2/sord', '-I/home/justin/audacity-read-only/lib-src/lv2/serd', '-I/home/justin/audacity-read-only/lib-src/lv2/lv2', '-DNDEBUG', '-fshow-column', '-std=c99', '-I/home/justin/audacity-read-only/lib-src/lv2/lilv/build/.conf_check_77264577865b85903f850f3623f4271d/testbuild', '-DHAVE_LV2=1', '-DHAVE_SERD=1', '-DHAVE_SORD=1', '-DHAVE_SRATOM=1', '-DLILV_NEW_LV2=1', '-D_POSIX_C_SOURCE', '-D_BSD_SOURCE', '../test.c', '-c', '-o', 'test.c.1.o']
[2/2] [33mcprogram: build/.conf_check_77264577865b85903f850f3623f4271d/testbuild/test.c.1.o -> build/.conf_check_77264577865b85903f850f3623f4271d/testbuild/testprog
[0m
['/usr/bin/gcc', '-L/home/justin/audacity-read-only/lib-src/lv2/sratom', '-lsratom--0', '-L/home/justin/audacity-read-only/lib-src/lv2/sord', '-lsord--0', '-L/home/justin/audacity-read-only/lib-src/lv2/serd', '-lserd--0', '-L/home/justin/audacity-read-only/lib-src/lv2/lv2', '-llv2-', 'test.c.1.o', '-o', '/home/justin/audacity-read-only/lib-src/lv2/lilv/build/.conf_check_77264577865b85903f850f3623f4271d/testbuild/testprog', '-Wl,-Bstatic', '-Wl,-Bdynamic']
err: /usr/bin/ld: cannot find -lsratom--0
/usr/bin/ld: cannot find -lsord--0
/usr/bin/ld: cannot find -lserd--0
/usr/bin/ld: cannot find -llv2-
collect2: ld returned 1 exit status

from /home/justin/audacity-read-only/lib-src/lv2/lilv: Test does not build: Traceback (most recent call last):
  File "/home/justin/audacity-read-only/lib-src/lv2/lilv/waflib/Tools/c_config.py", line 459, in run_c_code
    bld.compile()
  File "/home/justin/audacity-read-only/lib-src/lv2/lilv/waflib/Build.py", line 198, in compile
    raise Errors.BuildError(self.producer.error)
BuildError: Build failed
 -> task in 'testprog' failed (exit status 1): 
	{task 172871788: cprogram test.c.1.o -> testprog}
['/usr/bin/gcc', '-L/home/justin/audacity-read-only/lib-src/lv2/sratom', '-lsratom--0', '-L/home/justin/audacity-read-only/lib-src/lv2/sord', '-lsord--0', '-L/home/justin/audacity-read-only/lib-src/lv2/serd', '-lserd--0', '-L/home/justin/audacity-read-only/lib-src/lv2/lv2', '-llv2-', 'test.c.1.o', '-o', '/home/justin/audacity-read-only/lib-src/lv2/lilv/build/.conf_check_77264577865b85903f850f3623f4271d/testbuild/testprog', '-Wl,-Bstatic', '-Wl,-Bdynamic']

not found
from /home/justin/audacity-read-only/lib-src/lv2/lilv: The configuration failed
----------------------------------------
Checking for function clock_gettime
==>
#include <sys/time.h>
#include <time.h>

int main(int argc, char **argv) {
	void *p;
	(void)argc; (void)argv;
	p=(void*)(clock_gettime);
	return 0;
}

<==
[1/2] [32mc: build/.conf_check_b6669a2339ab58603deb81ae474f9559/test.c -> build/.conf_check_b6669a2339ab58603deb81ae474f9559/testbuild/test.c.1.o
[0m
['/usr/bin/gcc', '-I/home/justin/audacity-read-only/lib-src/lv2/lilv', '-I/home/justin/audacity-read-only/lib-src/lv2/sratom', '-I/home/justin/audacity-read-only/lib-src/lv2/sord', '-I/home/justin/audacity-read-only/lib-src/lv2/serd', '-I/home/justin/audacity-read-only/lib-src/lv2/lv2', '-DNDEBUG', '-fshow-column', '-std=c99', '-I/home/justin/audacity-read-only/lib-src/lv2/lilv/build/.conf_check_b6669a2339ab58603deb81ae474f9559/testbuild', '-DHAVE_LV2=1', '-DHAVE_SERD=1', '-DHAVE_SORD=1', '-DHAVE_SRATOM=1', '-DLILV_NEW_LV2=1', '-D_POSIX_C_SOURCE=199309L', '../test.c', '-c', '-o', 'test.c.1.o']
[2/2] [33mcprogram: build/.conf_check_b6669a2339ab58603deb81ae474f9559/testbuild/test.c.1.o -> build/.conf_check_b6669a2339ab58603deb81ae474f9559/testbuild/testprog
[0m
['/usr/bin/gcc', '-L/home/justin/audacity-read-only/lib-src/lv2/sratom', '-lsratom--0', '-L/home/justin/audacity-read-only/lib-src/lv2/sord', '-lsord--0', '-L/home/justin/audacity-read-only/lib-src/lv2/serd', '-lserd--0', '-L/home/justin/audacity-read-only/lib-src/lv2/lv2', '-llv2-', 'test.c.1.o', '-o', '/home/justin/audacity-read-only/lib-src/lv2/lilv/build/.conf_check_b6669a2339ab58603deb81ae474f9559/testbuild/testprog', '-Wl,-Bstatic', '-Wl,-Bdynamic', '-lrt']
err: /usr/bin/ld: cannot find -lsratom--0
/usr/bin/ld: cannot find -lsord--0
/usr/bin/ld: cannot find -lserd--0
/usr/bin/ld: cannot find -llv2-
collect2: ld returned 1 exit status

from /home/justin/audacity-read-only/lib-src/lv2/lilv: Test does not build: Traceback (most recent call last):
  File "/home/justin/audacity-read-only/lib-src/lv2/lilv/waflib/Tools/c_config.py", line 459, in run_c_code
    bld.compile()
  File "/home/justin/audacity-read-only/lib-src/lv2/lilv/waflib/Build.py", line 198, in compile
    raise Errors.BuildError(self.producer.error)
BuildError: Build failed
 -> task in 'testprog' failed (exit status 1): 
	{task 172726604: cprogram test.c.1.o -> testprog}
['/usr/bin/gcc', '-L/home/justin/audacity-read-only/lib-src/lv2/sratom', '-lsratom--0', '-L/home/justin/audacity-read-only/lib-src/lv2/sord', '-lsord--0', '-L/home/justin/audacity-read-only/lib-src/lv2/serd', '-lserd--0', '-L/home/justin/audacity-read-only/lib-src/lv2/lv2', '-llv2-', 'test.c.1.o', '-o', '/home/justin/audacity-read-only/lib-src/lv2/lilv/build/.conf_check_b6669a2339ab58603deb81ae474f9559/testbuild/testprog', '-Wl,-Bstatic', '-Wl,-Bdynamic', '-lrt']

not found
from /home/justin/audacity-read-only/lib-src/lv2/lilv: The configuration failed
